<?xml version="1.0" encoding="UTF-8"?>
<Site BuildName="Win32-mingw32-make"
	BuildStamp="20250607-2337-Experimental"
	Name="bruno"
	Generator="ctest-4.0.2"
	CompilerName="C:/msys64/mingw64/bin/g++.exe"
	CompilerVersion="15.1.0"
	OSName="Windows"
	Hostname="bruno"
	OSRelease=" Personal"
	OSVersion=" (Build 26100)"
	OSPlatform="AMD64"
	Is64Bits="1"
	VendorString="GenuineIntel"
	VendorID="Intel Corporation"
	FamilyID="6"
	ModelID="10"
	ModelName=""
	ProcessorCacheSize="-1"
	NumberOfLogicalCPU="12"
	NumberOfPhysicalCPU="8"
	TotalVirtualMemory="32217"
	TotalPhysicalMemory="16108"
	LogicalProcessorsPerPhysical="1"
	ProcessorClockFrequency="2496"
	>
	<Testing>
		<StartDateTime>Jun 10 02:10 Hora oficial do Brasil</StartDateTime>
		<StartTestTime>1749532227</StartTestTime>
		<TestList/>
		<EndDateTime>Jun 10 02:10 Hora oficial do Brasil</EndDateTime>
		<EndTestTime>1749532227</EndTestTime>
		<ElapsedMinutes>0</ElapsedMinutes>
	</Testing>
</Site>
